Warning: source ../drivers/renderer/light/light.h is not a readable file or directory... skipping.
Warning: source ../drivers/renderer/renderer/raytracer.c is not a readable file or directory... skipping.
Warning: source ../drivers/renderer/light/light.c is not a readable file or directory... skipping.
Warning: source ../include/x3d/renderer.h is not a readable file or directory... skipping.
Warning: source ../kernel/panic.c is not a readable file or directory... skipping.
Warning: source ../drivers/renderer/out/screen_out.c is not a readable file or directory... skipping.
Warning: source ../drivers/renderer/geometry/trimesh_subdivide.h is not a readable file or directory... skipping.
Warning: source ../include/renderer/renderer.h is not a readable file or directory... skipping.
Warning: source ../drivers/renderer/probe/fisheye.c is not a readable file or directory... skipping.
Warning: source ../lib/compiler/emitter.c is not a readable file or directory... skipping.
Warning: source ../lib/compiler/compiler.h is not a readable file or directory... skipping.
Warning: source ../lib/algorithm.inc is not a readable file or directory... skipping.
Warning: source ../include/x3d/runtime_debug.h is not a readable file or directory... skipping.
Warning: source ../drivers/renderer/loader/fbx_model.c is not a readable file or directory... skipping.
Warning: source ../drivers/editor/object_editor.c is not a readable file or directory... skipping.
Warning: source ../drivers/renderer/geometry/kdtree.h is not a readable file or directory... skipping.
Warning: source ../drivers/renderer/loader/pbrt_model.h is not a readable file or directory... skipping.
Warning: source ../drivers/renderer/geometry/octree.h is not a readable file or directory... skipping.
Warning: source ../drivers/renderer/loader/x3d_scene.c is not a readable file or directory... skipping.
Warning: source ../drivers/renderer/loader/loader.h is not a readable file or directory... skipping.
Warning: source ../drivers/renderer/geometry/disk_shape.c is not a readable file or directory... skipping.
Warning: source ../lib/math/vector.h is not a readable file or directory... skipping.
Warning: source ../drivers/renderer/shader/main.h is not a readable file or directory... skipping.
Warning: source ../drivers/renderer/out/out.c is not a readable file or directory... skipping.
Warning: source ../drivers/renderer/loader/image_loader.h is not a readable file or directory... skipping.
Warning: source ../drivers/renderer/geometry/paraboloid_shape.h is not a readable file or directory... skipping.
Warning: source ../lib/compiler/parser.c is not a readable file or directory... skipping.
Warning: source ../drivers/renderer/probe/obj_probe.c is not a readable file or directory... skipping.
Warning: source ../drivers/renderer/geometry/cone_shape.c is not a readable file or directory... skipping.
Warning: source ../lib/compiler/lexer.h is not a readable file or directory... skipping.
Warning: source ../drivers/renderer/geometry/cone_shape.h is not a readable file or directory... skipping.
Warning: source ../include/x3d/editor.h is not a readable file or directory... skipping.
Warning: source ../drivers/renderer/renderer/colorspectrum.c is not a readable file or directory... skipping.
Warning: source ../drivers/editor/main.c is not a readable file or directory... skipping.
Warning: source ../drivers/renderer/probe/proj_probe.c is not a readable file or directory... skipping.
Warning: source ../drivers/renderer/probe/spherical.h is not a readable file or directory... skipping.
Warning: source ../lib/thread.c is not a readable file or directory... skipping.
Warning: source ../drivers/renderer/renderer/renderer.c is not a readable file or directory... skipping.
Warning: source ../drivers/renderer/geometry/octree.c is not a readable file or directory... skipping.
Warning: source ../drivers/renderer/out/stream_out.c is not a readable file or directory... skipping.
Warning: source ../lib/main.h is not a readable file or directory... skipping.
Warning: source ../drivers/renderer/renderer/pmrenderer.c is not a readable file or directory... skipping.
Warning: source ../lib/staging.h is not a readable file or directory... skipping.
Warning: source ../drivers/renderer/out/image_out.h is not a readable file or directory... skipping.
Warning: source ../lib/compiler/compiler.c is not a readable file or directory... skipping.
Warning: source ../drivers/renderer/renderer/colorspectrum.h is not a readable file or directory... skipping.
Warning: source ../drivers/renderer/loader/main.c is not a readable file or directory... skipping.
Warning: source ../drivers/renderer/geometry/trimesh_subdivide.c is not a readable file or directory... skipping.
Warning: source ../include/renderer/shader_lib.h is not a readable file or directory... skipping.
Warning: source ../include/renderer/spatial_probe.h is not a readable file or directory... skipping.
Warning: source ../lib/math/main.c is not a readable file or directory... skipping.
Warning: source ../drivers/renderer/geometry/paraboloid_shape.c is not a readable file or directory... skipping.
Warning: source ../lib/math/decimal.h is not a readable file or directory... skipping.
Warning: source ../drivers/renderer/geometry/trimesh_shape.c is not a readable file or directory... skipping.
Warning: source ../drivers/renderer/misc/volume.c is not a readable file or directory... skipping.
Warning: source ../drivers/renderer/material/material.c is not a readable file or directory... skipping.
Warning: source ../lib/compiler/symbol.c is not a readable file or directory... skipping.
Warning: source ../drivers/renderer/renderer/vibuffer.h is not a readable file or directory... skipping.
Warning: source ../drivers/renderer/renderer/rasterization.c is not a readable file or directory... skipping.
Warning: source ../drivers/renderer/renderer/pmrenderer.h is not a readable file or directory... skipping.
Warning: source ../drivers/renderer/shader/basic_rt_shader_so.h is not a readable file or directory... skipping.
Warning: source ../lib/math/geometry.c is not a readable file or directory... skipping.
Warning: source ../drivers/editor/main_editor.c is not a readable file or directory... skipping.
Warning: source ../drivers/renderer/loader/pbrt_model.c is not a readable file or directory... skipping.
Warning: source ../lib/thread.h is not a readable file or directory... skipping.
Warning: source ../lib/memory.c is not a readable file or directory... skipping.
Warning: source ../drivers/renderer/shader/basic_rt_shader.c is not a readable file or directory... skipping.
Warning: source ../lib/compiler/error.h is not a readable file or directory... skipping.
Warning: source ../drivers/renderer/renderer/rasterization.h is not a readable file or directory... skipping.
Warning: source ../drivers/renderer/loader/renderer_loader.h is not a readable file or directory... skipping.
Warning: source ../drivers/renderer/probe/perspective.c is not a readable file or directory... skipping.
Warning: source ../drivers/renderer/loader/fbx_model.h is not a readable file or directory... skipping.
Warning: source ../drivers/editor/render_procedure.c is not a readable file or directory... skipping.
Warning: source ../kernel/renderer.c is not a readable file or directory... skipping.
Warning: source ../drivers/editor/renderable_editor.h is not a readable file or directory... skipping.
Warning: source ../drivers/renderer/renderer/ptrenderer.c is not a readable file or directory... skipping.
Warning: source ../lib/algorithm.c is not a readable file or directory... skipping.
Warning: source ../drivers/renderer/loader/main.h is not a readable file or directory... skipping.
Warning: source ../drivers/renderer/renderer/surface.h is not a readable file or directory... skipping.
Warning: source ../lib/math/main.h is not a readable file or directory... skipping.
Warning: source ../drivers/renderer/material/material.h is not a readable file or directory... skipping.
Warning: source ../drivers/renderer/out/binary_out.h is not a readable file or directory... skipping.
Warning: source ../kernel/editor.c is not a readable file or directory... skipping.
Warning: source ../lib/math/fx.c is not a readable file or directory... skipping.
Warning: source ../drivers/renderer/geometry/sphere_shape.h is not a readable file or directory... skipping.
Warning: source ../drivers/renderer/probe/fisheye.h is not a readable file or directory... skipping.
Warning: source ../lib/logout.c is not a readable file or directory... skipping.
Warning: source ../include/renderer/geocache.h is not a readable file or directory... skipping.
Warning: source ../kernel/renderable.c is not a readable file or directory... skipping.
Warning: source ../drivers/renderer/geometry/geocache.c is not a readable file or directory... skipping.
Warning: source ../drivers/renderer/renderer/rtpass.c is not a readable file or directory... skipping.
Warning: source ../include/renderer/geometry.h is not a readable file or directory... skipping.
Warning: source ../lib/math/fx.h is not a readable file or directory... skipping.
Warning: source ../drivers/renderer/geometry/main.h is not a readable file or directory... skipping.
Warning: source ../kernel/camera.c is not a readable file or directory... skipping.
Warning: source ../lib/math/quat.h is not a readable file or directory... skipping.
Warning: source ../drivers/renderer/probe/orthogonal.h is not a readable file or directory... skipping.
Warning: source ../lib/algorithm.h is not a readable file or directory... skipping.
Warning: source ../lib/memory.h is not a readable file or directory... skipping.
Warning: source ../kernel/resource_loader.c is not a readable file or directory... skipping.
Warning: source ../lib/compiler/lexer.c is not a readable file or directory... skipping.
Warning: source ../lib/main.c is not a readable file or directory... skipping.
Warning: source ../drivers/renderer/probe/orthogonal.c is not a readable file or directory... skipping.
Warning: source ../include/x3d/resource_loader.h is not a readable file or directory... skipping.
Warning: source ../drivers/renderer/geometry/trimesh_shape.h is not a readable file or directory... skipping.
Warning: source ../drivers/renderer/out/screen_out.h is not a readable file or directory... skipping.
Warning: source ../drivers/renderer/geometry/disk_shape.h is not a readable file or directory... skipping.
Warning: source ../drivers/renderer/loader/renderer_loader.c is not a readable file or directory... skipping.
Warning: source ../drivers/renderer/loader/model_loader.h is not a readable file or directory... skipping.
Warning: source ../drivers/renderer/geometry/primitive_parition.c is not a readable file or directory... skipping.
Warning: source ../include/renderer/out.h is not a readable file or directory... skipping.
Warning: source ../drivers/renderer/geometry/bvh.h is not a readable file or directory... skipping.
Warning: source ../drivers/renderer/geometry/main.c is not a readable file or directory... skipping.
Warning: source ../drivers/renderer/geometry/grid.h is not a readable file or directory... skipping.
Warning: source ../drivers/renderer/loader/obj_model.c is not a readable file or directory... skipping.
Warning: source ../lib/compiler/parser.h is not a readable file or directory... skipping.
Warning: source ../include/editor/editor.h is not a readable file or directory... skipping.
Warning: source ../include/x3d/common.h is not a readable file or directory... skipping.
Warning: source ../drivers/renderer/out/stream_out.h is not a readable file or directory... skipping.
Warning: source ../drivers/renderer/renderer/raytracer.h is not a readable file or directory... skipping.
Warning: source ../include/renderer/proj_probe.h is not a readable file or directory... skipping.
Warning: source ../drivers/renderer/renderer/rasterizer.c is not a readable file or directory... skipping.
Warning: source ../kernel/kernel.c is not a readable file or directory... skipping.
Warning: source ../drivers/editor/gui.c is not a readable file or directory... skipping.
Warning: source ../lib/math/matrix.c is not a readable file or directory... skipping.
Warning: source ../drivers/renderer/renderer/vertattri_lerp.h is not a readable file or directory... skipping.
Warning: source ../lib/math/quat.c is not a readable file or directory... skipping.
Warning: source ../drivers/renderer/renderer/vertex_processor.c is not a readable file or directory... skipping.
Warning: source ../drivers/renderer/probe/spherical.c is not a readable file or directory... skipping.
Warning: source ../drivers/renderer/loader/x3d_scene.h is not a readable file or directory... skipping.
Warning: source ../lib/compiler/error.c is not a readable file or directory... skipping.
Warning: source ../drivers/renderer/geometry/kdtree.c is not a readable file or directory... skipping.
Warning: source ../drivers/renderer/renderer/dbg_rasterizer.h is not a readable file or directory... skipping.
Warning: source ../drivers/renderer/renderer/ptrenderer.h is not a readable file or directory... skipping.
Warning: source ../drivers/renderer/geometry/hyperboloid_shape.h is not a readable file or directory... skipping.
Warning: source ../include/renderer/obj_probe.h is not a readable file or directory... skipping.
Warning: source ../lib/compiler/symbol.h is not a readable file or directory... skipping.
Warning: source ../drivers/renderer/shader/shader.c is not a readable file or directory... skipping.
Warning: source ../drivers/renderer/renderer/main.h is not a readable file or directory... skipping.
Warning: source ../drivers/editor/object_editor.h is not a readable file or directory... skipping.
Warning: source ../drivers/renderer/renderer/rtpass.h is not a readable file or directory... skipping.
Warning: source ../lib/math/decimal.c is not a readable file or directory... skipping.
Warning: source ../drivers/renderer/geometry/bvh.c is not a readable file or directory... skipping.
Warning: source ../drivers/renderer/geometry/hyperboloid_shape.c is not a readable file or directory... skipping.
Warning: source ../include/renderer/shader.h is not a readable file or directory... skipping.
Warning: source ../drivers/renderer/renderer/dbg_vertex_processor.h is not a readable file or directory... skipping.
Warning: source ../drivers/renderer/probe/spatial_probe.c is not a readable file or directory... skipping.
Warning: source ../drivers/renderer/renderer/surface.c is not a readable file or directory... skipping.
Warning: source ../drivers/editor/gui.h is not a readable file or directory... skipping.
Warning: source ../include/x3d/symbol_lib.h is not a readable file or directory... skipping.
Warning: source ../drivers/renderer/loader/model_loader.c is not a readable file or directory... skipping.
Warning: source ../drivers/renderer/shader/rtshader.h is not a readable file or directory... skipping.
Warning: source ../lib/math/geometry.h is not a readable file or directory... skipping.
Warning: source ../drivers/renderer/renderer/rtrenderer.c is not a readable file or directory... skipping.
Warning: source ../include/x3d/kernel.h is not a readable file or directory... skipping.
Warning: source ../drivers/renderer/geometry/sphere_shape.c is not a readable file or directory... skipping.
Warning: source ../lib/compiler/main.h is not a readable file or directory... skipping.
Warning: source ../drivers/renderer/shader/basic_rt_shader_a.h is not a readable file or directory... skipping.
Warning: source ../drivers/editor/main_editor.h is not a readable file or directory... skipping.
Warning: source ../drivers/renderer/loader/image_loader.c is not a readable file or directory... skipping.
Warning: source ../include/x3d/renderable.h is not a readable file or directory... skipping.
Warning: source ../include/renderer/volume.h is not a readable file or directory... skipping.
Warning: source ../drivers/editor/main.h is not a readable file or directory... skipping.
Warning: source ../include/x3d/object_entity.h is not a readable file or directory... skipping.
Warning: source ../lib/timing.c is not a readable file or directory... skipping.
Warning: source ../lib/math/matrix.h is not a readable file or directory... skipping.
Warning: source ../drivers/renderer/geometry/cylinder_shape.c is not a readable file or directory... skipping.
Warning: source ../drivers/renderer/out/binary_out.c is not a readable file or directory... skipping.
Warning: source ../lib/logout.h is not a readable file or directory... skipping.
Warning: source ../include/x3d/camera.h is not a readable file or directory... skipping.
Warning: source ../drivers/renderer/renderer/rtrenderer.h is not a readable file or directory... skipping.
Warning: source ../drivers/editor/render_procedure.h is not a readable file or directory... skipping.
Warning: source ../drivers/renderer/geometry/cylinder_shape.h is not a readable file or directory... skipping.
Warning: source ../lib/math/vector.c is not a readable file or directory... skipping.
Warning: source ../lib/staging.c is not a readable file or directory... skipping.
Warning: source ../drivers/renderer/renderer/main.c is not a readable file or directory... skipping.
Warning: source ../drivers/renderer/geometry/shape_common.h is not a readable file or directory... skipping.
Warning: source ../drivers/renderer/out/image_out.c is not a readable file or directory... skipping.
Warning: source ../lib/compiler/emitter.h is not a readable file or directory... skipping.
Warning: source ../drivers/renderer/probe/perspective.h is not a readable file or directory... skipping.
Warning: source ../drivers/editor/renderable_editor.c is not a readable file or directory... skipping.
Warning: source ../lib/compiler/main.c is not a readable file or directory... skipping.
Warning: source ../include/x3d/scene.h is not a readable file or directory... skipping.
Warning: source ../lib/timing.h is not a readable file or directory... skipping.
Warning: source ../drivers/renderer/geometry/geometry.c is not a readable file or directory... skipping.
Warning: source ../drivers/renderer/shader/main.c is not a readable file or directory... skipping.
Warning: source ../drivers/renderer/loader/obj_model.h is not a readable file or directory... skipping.
Warning: source ../lib/math/math.h is not a readable file or directory... skipping.
Warning: source ../drivers/renderer/geometry/grid.c is not a readable file or directory... skipping.
Warning: source ../kernel/scene.c is not a readable file or directory... skipping.
Warning: source ../drivers/renderer/renderer/vertex_processor.h is not a readable file or directory... skipping.
Warning: source ../drivers/renderer/renderer/rasterizer.h is not a readable file or directory... skipping.
